Vivado Simulator 2019.1
Time resolution is 1 ps
in=    x out=         x 
in=45541 out=         x 
in=55391 out=         x 
in= 1765 out=         x 
in= 9075 out=         x 
in=13675 out=         x 
in= 6393 out=         x 
in=57987 out=         x 
in=48448 out=         x 
in=34506 out=         x 
in=22962 out=         x 
in=17797 out=         x 
in=18136 out=         x 
in=20055 out=         x 
in=21325 out=         x 
in=22793 out=         x 
in=23865 out=         x 
in=24007 out=         x 
in=24148 out=         x 
in=24289 out=         x 
in=24148 out=         x 
in=23865 out=         x 
in=23781 out=         x 
in=24035 out=         x 
in=24204 out=         x 
in=24345 out=         x 
in=24402 out=         x 
in=24486 out=         x 
in=24656 out=         x 
in=24430 out=         x 
in=24402 out=         x 
in=24712 out=         x 
in=24684 out=         x 
in=24769 out=         x 
in=24881 out=         x 
in=25051 out=         x 
in=25474 out=         x 
in=25531 out=         x 
in=25587 out=         x 
in=25672 out=         x 
in=26180 out=         x 
in=26095 out=         x 
in=26518 out=         x 
in=26716 out=         x 
in=27026 out=         x 
in=26942 out=         x 
in=27450 out=         x 
in=27534 out=         x 
in=27930 out=         x 
in=28296 out=         x 
in=28494 out=         x 
in=28946 out=         x 
in=29341 out=         x 
in=29849 out=         x 
in=29962 out=         x 
in=30385 out=         x 
in=31119 out=         x 
in=31175 out=         x 
in=31599 out=         x 
in=32022 out=         x 
in=32615 out=         x 
in=32756 out=         x 
in=33151 out=         x 
in=33264 out=         x 
in=33574 out=         x 
in=34054 out=         x 
in=34393 out=         x 
in=34449 out=         x 
in=34590 out=         x 
in=34816 out=         x 
in=34647 out=         x 
in=34506 out=         x 
in=33941 out=         x 
in=33546 out=         x 
in=32897 out=         x 
in=32191 out=         x 
in=31316 out=         x 
in=30357 out=         x 
in=29651 out=         x 
in=29200 out=         x 
in=28409 out=         x 
in=27986 out=         x 
in=27224 out=         x 
in=26603 out=         x 
in=26434 out=         x 
in=25785 out=         x 
in=25559 out=         x 
in=25502 out=         x 
in=25164 out=         x 
in=25107 out=         x 
in=24910 out=         x 
in=24797 out=         x 
in=24769 out=         x 
in=24684 out=         x 
in=24515 out=         x 
in=24656 out=         x 
in=24712 out=         x 
in=24656 out=         x 
in=24797 out=         x 
in=24627 out=         x 
in=24599 out=         x 
in=24458 out=         x 
in=24712 out=         x 
in=24769 out=         x 
in=24881 out=         x 
in=24853 out=         x 
in=24712 out=         x 
in=24797 out=         x 
in=25051 out=         x 
in=25192 out=         x 
in=25051 out=         x 
in=24938 out=         x 
in=24966 out=         x 
in=24994 out=         x 
in=25023 out=         x 
in=25361 out=         x 
in=25220 out=         x 
in=25361 out=         x 
in=25305 out=         x 
in=25418 out=         x 
in=25333 out=         x 
in=25051 out=         x 
in=24797 out=         x 
in=24740 out=         x 
in=24938 out=         x 
in=24740 out=         x 
in=24515 out=         x 
in=24345 out=         x 
in=24176 out=         x 
in=24091 out=         x 
in=24063 out=         x 
in=23809 out=         x 
in=23894 out=         x 
in=23809 out=         x 
in=23753 out=         x 
in=23696 out=         x 
in=23499 out=         x 
in=23865 out=         x 
in=23442 out=         x 
in=23470 out=         x 
in=23329 out=         x 
in=23640 out=         x 
in=23301 out=         x 
in=23357 out=         x 
in=23301 out=         x 
in=23245 out=         x 
in=23160 out=         x 
in=23357 out=         x 
in=23499 out=         x 
in=23357 out=         x 
in=23414 out=         x 
in=23386 out=         x 
in=22708 out=         x 
in=22511 out=         x 
in=22708 out=         x 
in=24345 out=         x 
in=25700 out=         x 
in=26236 out=         x 
in=26123 out=         x 
in=25446 out=         x 
in=26039 out=         x 
in=27139 out=         x 
in=27817 out=         x 
in=28296 out=         x 
in=27986 out=         x 
in=26914 out=         x 
in=26067 out=         x 
in=25248 out=         x 
in=24430 out=         x 
in=24402 out=         x 
in=24317 out=         x 
in=24176 out=         x 
in=23301 out=         x 
in=22680 out=         x 
in=22172 out=         x 
in=21918 out=         x 
in=22172 out=         x 
in=22087 out=         x 
in=22200 out=         x 
in=22059 out=         x 
in=21551 out=         x 
in=21946 out=         x 
in=21890 out=         x 
in=21833 out=         x 
in=22003 out=         x 
in=22341 out=         x 
in=21890 out=         x 
in=20902 out=         x 
in=20676 out=         x 
in=21212 out=         x 
in=22595 out=         x 
in=28466 out=         x 
in=35832 out=         x 
in=43734 out=         x 
in=53048 out=         x 
in=   71 out=         x 
in= 9103 out=         x 
in=13957 out=         x 
in= 9865 out=         x 
in=60217 out=         x 
in=49887 out=         x 
in=37977 out=         x 
in=24345 out=         x 
in=18842 out=         x 
in=17995 out=         x 
in=20281 out=         x 
in=21495 out=         x 
in=22680 out=         x 
in=23301 out=         x 
in=24176 out=         x 
in=24373 out=         x 
in=23696 out=         x 
in=23781 out=         x 
in=24119 out=         x 
in=24430 out=         x 
in=24176 out=         x 
in=23978 out=         x 
in=24119 out=         x 
in=24345 out=         x 
in=24176 out=         x 
in=24289 out=         x 
in=24656 out=         x 
in=24402 out=         x 
in=24656 out=         x 
in=24853 out=         x 
in=24994 out=         x 
in=25220 out=         x 
in=25192 out=         x 
in=24994 out=         x 
in=25277 out=         x 
in=25474 out=         x 
in=25982 out=         x 
in=26123 out=         x 
in=26490 out=         x 
in=26518 out=         x 
in=26688 out=         x 
in=26998 out=         x 
in=27309 out=         x 
in=27760 out=         x 
in=27845 out=         x 
in=28014 out=         x 
in=28325 out=         x 
in=28663 out=         x 
in=29228 out=         x 
in=29341 out=         x 
in=29764 out=         x 
in=30187 out=         x 
in=30780 out=         x 
in=30893 out=         x 
in=31457 out=         x 
in=31683 out=         x 
in=32050 out=         x 
in=32445 out=         x 
in=32756 out=         x 
in=33151 out=         x 
in=33377 out=         x 
in=33828 out=         x 
in=34054 out=         x 
in=34252 out=         x 
in=34223 out=         x 
in=34647 out=         x 
in=34618 out=         x 
in=34788 out=         x 
in=34195 out=         x 
in=33518 out=         x 
in=32840 out=         x 
in=32361 out=         x 
in=31401 out=         x 
in=30667 out=         x 
in=29566 out=         x 
in=29030 out=         x 
in=27986 out=         x 
in=27450 out=         x 
in=27083 out=         x 
in=26547 out=         x 
in=26406 out=         x 
in=25785 out=         x 
in=25361 out=         x 
in=25248 out=         x 
in=24853 out=         x 
in=24881 out=         x 
in=24769 out=         x 
in=24712 out=         x 
in=24571 out=         x 
in=24373 out=         x 
in=24599 out=         x 
in=24402 out=         x 
in=24684 out=         x 
in=24430 out=         x 
in=24373 out=         x 
in=24515 out=         x 
in=24769 out=         x 
in=24797 out=         x 
in=24543 out=         x 
in=24627 out=         x 
in=24402 out=         x 
in=24571 out=         x 
in=24656 out=         x 
in=24825 out=         x 
in=24881 out=         x 
in=24994 out=         x 
in=24966 out=         x 
in=24910 out=         x 
in=24881 out=         x 
in=24994 out=         x 
in=25135 out=         x 
in=25079 out=         x 
in=25164 out=         x 
in=25079 out=         x 
in=25051 out=         x 
in=24910 out=         x 
in=25164 out=         x 
in=24938 out=         x 
in=24994 out=         x 
in=24881 out=         x 
in=24938 out=         x 
in=24797 out=         x 
in=24571 out=         x 
in=24486 out=         x 
in=24345 out=         x 
in=24373 out=         x 
in=24204 out=         x 
in=24091 out=         x 
in=23611 out=         x 
in=23640 out=         x 
in=23442 out=      